# JRE version: OpenJDK Runtime Environment Temurin-17.0.2+8 (17.0.2+8) (build 17.0.2+8)
# Java VM: OpenJDK 64-Bit Server VM Temurin-17.0.2+8 (17.0.2+8, mixed mode, tiered, compressed oops, compressed class ptrs, g1 gc, bsd-amd64)
GC Precious Log:
 CPUs: 8 total, 8 available
 Memory: 16384M
 Large Page Support: Disabled
 NUMA Support: Disabled
 Compressed Oops: Enabled (Zero based)
 Heap Region Size: 2M
 Heap Min Capacity: 8M
 Heap Initial Capacity: 256M
 Heap Max Capacity: 4G
 Pre-touch: Disabled
 Parallel Workers: 8
 Concurrent Workers: 2
 Concurrent Refinement Workers: 8
 Periodic GC: Disabled
Heap:
 garbage-first heap   total 55296K, used 28636K [0x0000000700000000, 0x0000000800000000)
  region size 2048K, 8 young (16384K), 0 survivors (0K)
 Metaspace       used 46602K, committed 47040K, reserved 1097728K
  class space    used 5406K, committed 5568K, reserved 1048576K
GC Heap History (20 events):
Event: 4.370 GC heap before
{Heap before GC invocations=10 (full 0):
 garbage-first heap   total 55296K, used 15157K [0x0000000700000000, 0x0000000800000000)
  region size 2048K, 2 young (4096K), 1 survivors (2048K)
 Metaspace       used 38548K, committed 38848K, reserved 1089536K
  class space    used 4535K, committed 4672K, reserved 1048576K
}
Event: 4.373 GC heap after
{Heap after GC invocations=11 (full 0):
 garbage-first heap   total 55296K, used 13522K [0x0000000700000000, 0x0000000800000000)
  region size 2048K, 1 young (2048K), 1 survivors (2048K)
 Metaspace       used 38548K, committed 38848K, reserved 1089536K
  class space    used 4535K, committed 4672K, reserved 1048576K
}
Event: 4.758 GC heap before
{Heap before GC invocations=11 (full 0):
 garbage-first heap   total 55296K, used 40146K [0x0000000700000000, 0x0000000800000000)
  region size 2048K, 14 young (28672K), 1 survivors (2048K)
 Metaspace       used 40953K, committed 41216K, reserved 1089536K
  class space    used 4857K, committed 4992K, reserved 1048576K
}
Event: 4.761 GC heap after
{Heap after GC invocations=12 (full 0):
 garbage-first heap   total 159744K, used 14712K [0x0000000700000000, 0x0000000800000000)
  region size 2048K, 1 young (2048K), 1 survivors (2048K)
 Metaspace       used 40953K, committed 41216K, reserved 1089536K
  class space    used 4857K, committed 4992K, reserved 1048576K
}
Event: 181.842 GC heap before
{Heap before GC invocations=12 (full 0):
 garbage-first heap   total 159744K, used 63864K [0x0000000700000000, 0x0000000800000000)
  region size 2048K, 26 young (53248K), 1 survivors (2048K)
 Metaspace       used 45044K, committed 45376K, reserved 1089536K
  class space    used 5349K, committed 5504K, reserved 1048576K
}
Event: 181.887 GC heap after
{Heap after GC invocations=13 (full 1):
 garbage-first heap   total 61440K, used 15265K [0x0000000700000000, 0x0000000800000000)
  region size 2048K, 0 young (0K), 0 survivors (0K)
 Metaspace       used 45044K, committed 45376K, reserved 1089536K
  class space    used 5349K, committed 5504K, reserved 1048576K
}
Event: 196.754 GC heap before
{Heap before GC invocations=13 (full 1):
 garbage-first heap   total 61440K, used 43937K [0x0000000700000000, 0x0000000800000000)
  region size 2048K, 14 young (28672K), 0 survivors (0K)
 Metaspace       used 45608K, committed 45952K, reserved 1097728K
  class space    used 5363K, committed 5504K, reserved 1048576K
}
Event: 196.756 GC heap after
{Heap after GC invocations=14 (full 1):
 garbage-first heap   total 61440K, used 18697K [0x0000000700000000, 0x0000000800000000)
  region size 2048K, 2 young (4096K), 2 survivors (4096K)
 Metaspace       used 45608K, committed 45952K, reserved 1097728K
  class space    used 5363K, committed 5504K, reserved 1048576K
}
Event: 196.781 GC heap before
{Heap before GC invocations=14 (full 1):
 garbage-first heap   total 61440K, used 18697K [0x0000000700000000, 0x0000000800000000)
  region size 2048K, 3 young (6144K), 2 survivors (4096K)
 Metaspace       used 45611K, committed 45952K, reserved 1097728K
  class space    used 5364K, committed 5504K, reserved 1048576K
}
Event: 196.835 GC heap after
{Heap after GC invocations=15 (full 2):
 garbage-first heap   total 55296K, used 15366K [0x0000000700000000, 0x0000000800000000)
  region size 2048K, 0 young (0K), 0 survivors (0K)
 Metaspace       used 45611K, committed 45952K, reserved 1097728K
  class space    used 5364K, committed 5504K, reserved 1048576K
}
Event: 287.981 GC heap before
{Heap before GC invocations=15 (full 2):
 garbage-first heap   total 55296K, used 37894K [0x0000000700000000, 0x0000000800000000)
  region size 2048K, 12 young (24576K), 0 survivors (0K)
 Metaspace       used 45974K, committed 46336K, reserved 1097728K
  class space    used 5373K, committed 5504K, reserved 1048576K
}
Event: 288.040 GC heap after
{Heap after GC invocations=16 (full 3):
 garbage-first heap   total 55296K, used 14140K [0x0000000700000000, 0x0000000800000000)
  region size 2048K, 0 young (0K), 0 survivors (0K)
 Metaspace       used 45971K, committed 46336K, reserved 1097728K
  class space    used 5373K, committed 5504K, reserved 1048576K
}
Event: 304.186 GC heap before
{Heap before GC invocations=16 (full 3):
 garbage-first heap   total 55296K, used 36668K [0x0000000700000000, 0x0000000800000000)
  region size 2048K, 12 young (24576K), 0 survivors (0K)
 Metaspace       used 46198K, committed 46592K, reserved 1097728K
  class space    used 5385K, committed 5568K, reserved 1048576K
}
Event: 304.249 GC heap after
{Heap after GC invocations=17 (full 4):
 garbage-first heap   total 55296K, used 14197K [0x0000000700000000, 0x0000000800000000)
  region size 2048K, 0 young (0K), 0 survivors (0K)
 Metaspace       used 46195K, committed 46592K, reserved 1097728K
  class space    used 5384K, committed 5568K, reserved 1048576K
}
Event: 312.433 GC heap before
{Heap before GC invocations=17 (full 4):
 garbage-first heap   total 55296K, used 36725K [0x0000000700000000, 0x0000000800000000)
  region size 2048K, 12 young (24576K), 0 survivors (0K)
 Metaspace       used 46336K, committed 46784K, reserved 1097728K
  class space    used 5388K, committed 5568K, reserved 1048576K
}
Event: 312.489 GC heap after
{Heap after GC invocations=18 (full 5):
 garbage-first heap   total 55296K, used 14239K [0x0000000700000000, 0x0000000800000000)
  region size 2048K, 0 young (0K), 0 survivors (0K)
 Metaspace       used 46333K, committed 46784K, reserved 1097728K
  class space    used 5388K, committed 5568K, reserved 1048576K
}
Event: 313.027 GC heap before
{Heap before GC invocations=18 (full 5):
 garbage-first heap   total 55296K, used 38815K [0x0000000700000000, 0x0000000800000000)
  region size 2048K, 12 young (24576K), 0 survivors (0K)
 Metaspace       used 46535K, committed 46912K, reserved 1097728K
  class space    used 5402K, committed 5568K, reserved 1048576K
}
Event: 313.031 GC heap after
{Heap after GC invocations=19 (full 5):
 garbage-first heap   total 55296K, used 16686K [0x0000000700000000, 0x0000000800000000)
  region size 2048K, 2 young (4096K), 2 survivors (4096K)
 Metaspace       used 46535K, committed 46912K, reserved 1097728K
  class space    used 5402K, committed 5568K, reserved 1048576K
}
Event: 409.330 GC heap before
{Heap before GC invocations=19 (full 5):
 garbage-first heap   total 55296K, used 16686K [0x0000000700000000, 0x0000000800000000)
  region size 2048K, 3 young (6144K), 2 survivors (4096K)
 Metaspace       used 46546K, committed 46912K, reserved 1097728K
  class space    used 5403K, committed 5568K, reserved 1048576K
}
Event: 409.398 GC heap after
{Heap after GC invocations=20 (full 6):
 garbage-first heap   total 55296K, used 14300K [0x0000000700000000, 0x0000000800000000)
  region size 2048K, 0 young (0K), 0 survivors (0K)
 Metaspace       used 46543K, committed 46912K, reserved 1097728K
  class space    used 5402K, committed 5568K, reserved 1048576K
}

